[debug] [2021-05-19T21:41:58.993Z] ----------------------------------------------------------------------
[debug] [2021-05-19T21:41:58.995Z] Command:       C:\Program Files\nodejs\node.exe C:\Users\Ayush\AppData\Roaming\npm\node_modules\firebase-tools\lib\bin\firebase.js emulators:start
[debug] [2021-05-19T21:41:58.996Z] CLI Version:   9.11.0
[debug] [2021-05-19T21:41:58.996Z] Platform:      win32
[debug] [2021-05-19T21:41:58.996Z] Node Version:  v14.15.0
[debug] [2021-05-19T21:41:58.997Z] Time:          Thu May 20 2021 03:11:58 GMT+0530 (India Standard Time)
[debug] [2021-05-19T21:41:58.997Z] ----------------------------------------------------------------------
[debug] 
[debug] [2021-05-19T21:41:59.001Z] >>> [apiv2][query] GET https://firebase-public.firebaseio.com/cli.json [none]
[debug] [2021-05-19T21:41:59.030Z] > command requires scopes: ["email","openid","https://www.googleapis.com/auth/cloudplatformprojects.readonly","https://www.googleapis.com/auth/firebase","https://www.googleapis.com/auth/cloud-platform"]
[debug] [2021-05-19T21:41:59.030Z] > authorizing via signed-in user (ayush.agr20@gmail.com)
[info] i  emulators: Starting emulators: functions {"metadata":{"emulator":{"name":"hub"},"message":"Starting emulators: functions"}}
[debug] [2021-05-19T21:41:59.153Z] [hub] writing locator at C:\Users\Ayush\AppData\Local\Temp\hub-clone-495ef.json
[warn] !  functions: The following emulators are not running, calls to these services from the Functions emulator will affect production: auth, firestore, database, hosting, pubsub, storage {"metadata":{"emulator":{"name":"functions"},"message":"The following emulators are not running, calls to these services from the Functions emulator will affect production: \u001b[1mauth, firestore, database, hosting, pubsub, storage\u001b[22m"}}
[warn] !  Your requested "node" version "12" doesn't match your global version "14" {"metadata":{"emulator":{"name":"functions"},"message":"Your requested \"node\" version \"12\" doesn't match your global version \"14\""}}
[debug] [2021-05-19T21:41:59.251Z] defaultcredentials: writing to file C:\Users\Ayush\AppData\Roaming\firebase\ayush_agr20_gmail.com_application_default_credentials.json
[debug] [2021-05-19T21:41:59.284Z] Setting GAC to C:\Users\Ayush\AppData\Roaming\firebase\ayush_agr20_gmail.com_application_default_credentials.json {"metadata":{"emulator":{"name":"functions"},"message":"Setting GAC to C:\\Users\\Ayush\\AppData\\Roaming\\firebase\\ayush_agr20_gmail.com_application_default_credentials.json"}}
[debug] [2021-05-19T21:41:59.286Z] > refreshing access token with scopes: []
[debug] [2021-05-19T21:41:59.287Z] >>> HTTP REQUEST POST https://www.googleapis.com/oauth2/v3/token  
 <request body omitted>
[debug] [2021-05-19T21:42:00.025Z] <<< HTTP RESPONSE 200 {"pragma":"no-cache","date":"Wed, 19 May 2021 21:42:00 GMT","cache-control":"no-cache, no-store, max-age=0, must-revalidate","expires":"Mon, 01 Jan 1990 00:00:00 GMT","content-type":"application/json; charset=utf-8","vary":"X-Origin, Referer, Origin,Accept-Encoding","server":"scaffolding on HTTPServer2","x-xss-protection":"0","x-frame-options":"SAMEORIGIN","x-content-type-options":"nosniff","alt-svc":"h3-29=\":443\"; ma=2592000,h3-T051=\":443\"; ma=2592000,h3-Q050=\":443\"; ma=2592000,h3-Q046=\":443\"; ma=2592000,h3-Q043=\":443\"; ma=2592000,quic=\":443\"; ma=2592000; v=\"46,43\"","accept-ranges":"none","transfer-encoding":"chunked"}
[debug] [2021-05-19T21:42:00.252Z] >>> [apiv2][query] GET https://firebase.googleapis.com/v1beta1/projects/clone-495ef/adminSdkConfig [none]
[debug] [2021-05-19T21:42:00.263Z] <<< [apiv2][status] GET https://firebase-public.firebaseio.com/cli.json 200
[debug] [2021-05-19T21:42:00.263Z] <<< [apiv2][body] GET https://firebase-public.firebaseio.com/cli.json {"cloudBuildErrorAfter":1594252800000,"cloudBuildWarnAfter":1590019200000,"defaultNode10After":1594252800000,"minVersion":"3.0.5","node8DeploysDisabledAfter":1613390400000,"node8RuntimeDisabledAfter":1615809600000,"node8WarnAfter":1600128000000}
[debug] [2021-05-19T21:42:01.610Z] <<< [apiv2][status] GET https://firebase.googleapis.com/v1beta1/projects/clone-495ef/adminSdkConfig 200
[debug] [2021-05-19T21:42:01.610Z] <<< [apiv2][body] GET https://firebase.googleapis.com/v1beta1/projects/clone-495ef/adminSdkConfig {"projectId":"clone-495ef","storageBucket":"clone-495ef.appspot.com","locationId":"us-central"}
[info] i  ui: downloading ui-v1.5.0.zip... {"metadata":{"emulator":{"name":"ui"},"message":"downloading ui-v1.5.0.zip..."}}
[debug] [2021-05-19T21:42:01.694Z] >>> [apiv2][query] GET https://storage.googleapis.com/firebase-preview-drop/emulator/ui-v1.5.0.zip 
[debug] [2021-05-19T21:42:02.302Z] <<< [apiv2][status] GET https://storage.googleapis.com/firebase-preview-drop/emulator/ui-v1.5.0.zip 200
[debug] [2021-05-19T21:42:02.302Z] <<< [apiv2][body] GET https://storage.googleapis.com/firebase-preview-drop/emulator/ui-v1.5.0.zip [stream]
[info] i  ui: Removing outdated emulator files: ui-v1.4.2 {"metadata":{"emulator":{"name":"ui"},"message":"Removing outdated emulator files: ui-v1.4.2"}}
[info] i  ui: Removing outdated emulator files: ui-v1.4.2.zip {"metadata":{"emulator":{"name":"ui"},"message":"Removing outdated emulator files: ui-v1.4.2.zip"}}
[debug] [2021-05-19T21:42:06.419Z] Ignoring unsupported arg: auto_download {"metadata":{"emulator":{"name":"ui"},"message":"Ignoring unsupported arg: auto_download"}}
[debug] [2021-05-19T21:42:06.420Z] Ignoring unsupported arg: port {"metadata":{"emulator":{"name":"ui"},"message":"Ignoring unsupported arg: port"}}
[debug] [2021-05-19T21:42:06.420Z] Starting Emulator UI with command {"binary":"node","args":["C:\\Users\\Ayush\\.cache\\firebase\\emulators\\ui-v1.5.0\\server.bundle.js"],"optionalArgs":[],"joinArgs":false} {"metadata":{"emulator":{"name":"ui"},"message":"Starting Emulator UI with command {\"binary\":\"node\",\"args\":[\"C:\\\\Users\\\\Ayush\\\\.cache\\\\firebase\\\\emulators\\\\ui-v1.5.0\\\\server.bundle.js\"],\"optionalArgs\":[],\"joinArgs\":false}"}}
[info] i  ui: Emulator UI logging to ui-debug.log {"metadata":{"emulator":{"name":"ui"},"message":"Emulator UI logging to \u001b[1mui-debug.log\u001b[22m"}}
[debug] [2021-05-19T21:42:06.564Z] Web / API server started at http://localhost:4000
 {"metadata":{"emulator":{"name":"ui"},"message":"Web / API server started at http://localhost:4000\n"}}
[info] i  functions: Watching "E:\amazon-clone\functions" for Cloud Functions... {"metadata":{"emulator":{"name":"functions"},"message":"Watching \"E:\\amazon-clone\\functions\" for Cloud Functions..."}}
[debug] [2021-05-19T21:42:06.833Z] [worker-pool] addWorker(~diagnostic~) {"metadata":{"emulator":{"name":"functions"},"message":"[worker-pool] addWorker(~diagnostic~)"}}
[debug] [2021-05-19T21:42:06.834Z] [worker-pool] Adding worker with key ~diagnostic~, total=1 {"metadata":{"emulator":{"name":"functions"},"message":"[worker-pool] Adding worker with key ~diagnostic~, total=1"}}
[debug] [2021-05-19T21:42:06.834Z] [worker-pool] submitWork(triggerId=) {"metadata":{"emulator":{"name":"functions"},"message":"[worker-pool] submitWork(triggerId=)"}}
[debug] [2021-05-19T21:42:06.834Z] [worker-~diagnostic~-ba618993-a51a-49ab-9984-ea88b9457661]: Assigning socketPath: \\?\pipe\E:\amazon-clone\functions\6388 {"metadata":{"emulator":{"name":"functions"},"message":"[worker-~diagnostic~-ba618993-a51a-49ab-9984-ea88b9457661]: Assigning socketPath: \\\\?\\pipe\\E:\\amazon-clone\\functions\\6388"}}
[debug] [2021-05-19T21:42:06.834Z] [worker-~diagnostic~-ba618993-a51a-49ab-9984-ea88b9457661]: BUSY {"metadata":{"emulator":{"name":"functions"},"message":"[worker-~diagnostic~-ba618993-a51a-49ab-9984-ea88b9457661]: BUSY"}}
[debug] [2021-05-19T21:42:07.078Z] [runtime-status] [6388] Functions runtime initialized. {"cwd":"E:\\amazon-clone\\functions","node_version":"14.15.0"} {"metadata":{"emulator":{"name":"functions"},"message":"[runtime-status] [6388] Functions runtime initialized. {\"cwd\":\"E:\\\\amazon-clone\\\\functions\",\"node_version\":\"14.15.0\"}"}}
[debug] [2021-05-19T21:42:07.080Z] [runtime-status] [6388] Disabled runtime features: undefined {"metadata":{"emulator":{"name":"functions"},"message":"[runtime-status] [6388] Disabled runtime features: undefined"}}
[debug] [2021-05-19T21:42:07.083Z] [runtime-status] [6388] Resolved module firebase-admin {"declared":true,"installed":true,"version":"9.6.0","resolution":"E:\\amazon-clone\\functions\\node_modules\\firebase-admin\\lib\\index.js"} {"metadata":{"emulator":{"name":"functions"},"message":"[runtime-status] [6388] Resolved module firebase-admin {\"declared\":true,\"installed\":true,\"version\":\"9.6.0\",\"resolution\":\"E:\\\\amazon-clone\\\\functions\\\\node_modules\\\\firebase-admin\\\\lib\\\\index.js\"}"}}
[debug] [2021-05-19T21:42:07.085Z] [runtime-status] [6388] Resolved module firebase-functions {"declared":true,"installed":true,"version":"3.13.2","resolution":"E:\\amazon-clone\\functions\\node_modules\\firebase-functions\\lib\\index.js"} {"metadata":{"emulator":{"name":"functions"},"message":"[runtime-status] [6388] Resolved module firebase-functions {\"declared\":true,\"installed\":true,\"version\":\"3.13.2\",\"resolution\":\"E:\\\\amazon-clone\\\\functions\\\\node_modules\\\\firebase-functions\\\\lib\\\\index.js\"}"}}
[debug] [2021-05-19T21:42:07.087Z] [runtime-status] [6388] Resolved module firebase-functions {"declared":true,"installed":true,"version":"3.13.2","resolution":"E:\\amazon-clone\\functions\\node_modules\\firebase-functions\\lib\\index.js"} {"metadata":{"emulator":{"name":"functions"},"message":"[runtime-status] [6388] Resolved module firebase-functions {\"declared\":true,\"installed\":true,\"version\":\"3.13.2\",\"resolution\":\"E:\\\\amazon-clone\\\\functions\\\\node_modules\\\\firebase-functions\\\\lib\\\\index.js\"}"}}
[debug] [2021-05-19T21:42:07.089Z] [runtime-status] [6388] Outgoing network have been stubbed. [{"name":"http","status":"mocked"},{"name":"http","status":"mocked"},{"name":"https","status":"mocked"},{"name":"https","status":"mocked"},{"name":"net","status":"mocked"}] {"metadata":{"emulator":{"name":"functions"},"message":"[runtime-status] [6388] Outgoing network have been stubbed. [{\"name\":\"http\",\"status\":\"mocked\"},{\"name\":\"http\",\"status\":\"mocked\"},{\"name\":\"https\",\"status\":\"mocked\"},{\"name\":\"https\",\"status\":\"mocked\"},{\"name\":\"net\",\"status\":\"mocked\"}]"}}
[debug] [2021-05-19T21:42:07.090Z] [runtime-status] [6388] Resolved module firebase-functions {"declared":true,"installed":true,"version":"3.13.2","resolution":"E:\\amazon-clone\\functions\\node_modules\\firebase-functions\\lib\\index.js"} {"metadata":{"emulator":{"name":"functions"},"message":"[runtime-status] [6388] Resolved module firebase-functions {\"declared\":true,\"installed\":true,\"version\":\"3.13.2\",\"resolution\":\"E:\\\\amazon-clone\\\\functions\\\\node_modules\\\\firebase-functions\\\\lib\\\\index.js\"}"}}
[debug] [2021-05-19T21:42:07.956Z] [runtime-status] [6388] Checked functions.config() {"config":{}} {"metadata":{"emulator":{"name":"functions"},"message":"[runtime-status] [6388] Checked functions.config() {\"config\":{}}"}}
[debug] [2021-05-19T21:42:07.957Z] [runtime-status] [6388] firebase-functions has been stubbed. {"functionsResolution":{"declared":true,"installed":true,"version":"3.13.2","resolution":"E:\\amazon-clone\\functions\\node_modules\\firebase-functions\\lib\\index.js"}} {"metadata":{"emulator":{"name":"functions"},"message":"[runtime-status] [6388] firebase-functions has been stubbed. {\"functionsResolution\":{\"declared\":true,\"installed\":true,\"version\":\"3.13.2\",\"resolution\":\"E:\\\\amazon-clone\\\\functions\\\\node_modules\\\\firebase-functions\\\\lib\\\\index.js\"}}"}}
[debug] [2021-05-19T21:42:07.958Z] [runtime-status] [6388] Resolved module firebase-functions {"declared":true,"installed":true,"version":"3.13.2","resolution":"E:\\amazon-clone\\functions\\node_modules\\firebase-functions\\lib\\index.js"} {"metadata":{"emulator":{"name":"functions"},"message":"[runtime-status] [6388] Resolved module firebase-functions {\"declared\":true,\"installed\":true,\"version\":\"3.13.2\",\"resolution\":\"E:\\\\amazon-clone\\\\functions\\\\node_modules\\\\firebase-functions\\\\lib\\\\index.js\"}"}}
[debug] [2021-05-19T21:42:07.963Z] [runtime-status] [6388] Resolved module firebase-admin {"declared":true,"installed":true,"version":"9.6.0","resolution":"E:\\amazon-clone\\functions\\node_modules\\firebase-admin\\lib\\index.js"} {"metadata":{"emulator":{"name":"functions"},"message":"[runtime-status] [6388] Resolved module firebase-admin {\"declared\":true,\"installed\":true,\"version\":\"9.6.0\",\"resolution\":\"E:\\\\amazon-clone\\\\functions\\\\node_modules\\\\firebase-admin\\\\lib\\\\index.js\"}"}}
[debug] [2021-05-19T21:42:07.964Z] [runtime-status] [6388] Resolved module firebase-functions {"declared":true,"installed":true,"version":"3.13.2","resolution":"E:\\amazon-clone\\functions\\node_modules\\firebase-functions\\lib\\index.js"} {"metadata":{"emulator":{"name":"functions"},"message":"[runtime-status] [6388] Resolved module firebase-functions {\"declared\":true,\"installed\":true,\"version\":\"3.13.2\",\"resolution\":\"E:\\\\amazon-clone\\\\functions\\\\node_modules\\\\firebase-functions\\\\lib\\\\index.js\"}"}}
[debug] [2021-05-19T21:42:07.964Z] [runtime-status] [6388] firebase-admin has been stubbed. {"adminResolution":{"declared":true,"installed":true,"version":"9.6.0","resolution":"E:\\amazon-clone\\functions\\node_modules\\firebase-admin\\lib\\index.js"}} {"metadata":{"emulator":{"name":"functions"},"message":"[runtime-status] [6388] firebase-admin has been stubbed. {\"adminResolution\":{\"declared\":true,\"installed\":true,\"version\":\"9.6.0\",\"resolution\":\"E:\\\\amazon-clone\\\\functions\\\\node_modules\\\\firebase-admin\\\\lib\\\\index.js\"}}"}}
[info] +  functions[api]: http function initialized (http://localhost:5001/clone-495ef/us-central1/api). {"metadata":{"emulator":{"name":"functions"},"message":"\u001b[1mhttp\u001b[22m function initialized (http://localhost:5001/clone-495ef/us-central1/api)."}}
[info] 
┌─────────────────────────────────────────────────────────────┐
│ ✔  All emulators ready! It is now safe to connect your app. │
│ i  View Emulator UI at http://localhost:4000                │
└─────────────────────────────────────────────────────────────┘

┌───────────┬────────────────┬─────────────────────────────────┐
│ Emulator  │ Host:Port      │ View in Emulator UI             │
├───────────┼────────────────┼─────────────────────────────────┤
│ Functions │ localhost:5001 │ http://localhost:4000/functions │
└───────────┴────────────────┴─────────────────────────────────┘
  Emulator Hub running at localhost:4400
  Other reserved ports: 4500

Issues? Report them at https://github.com/firebase/firebase-tools/issues and attach the *-debug.log files.
 
[debug] [2021-05-19T21:42:10.849Z] [worker-~diagnostic~-ba618993-a51a-49ab-9984-ea88b9457661]: IDLE {"metadata":{"emulator":{"name":"functions"},"message":"[worker-~diagnostic~-ba618993-a51a-49ab-9984-ea88b9457661]: IDLE"}}
[debug] [2021-05-19T21:42:37.832Z] [work-queue] {"queueLength":1,"workRunningCount":0}
[debug] [2021-05-19T21:42:37.833Z] [work-queue] {"queueLength":0,"workRunningCount":1}
[debug] [2021-05-19T21:42:37.835Z] Accepted request POST /clone-495ef/us-central1/api/payments/create?total=3588.0000000000005 --> api
[debug] [2021-05-19T21:42:37.855Z] [worker-pool] addWorker(api) {"metadata":{"emulator":{"name":"functions"},"message":"[worker-pool] addWorker(api)"}}
[debug] [2021-05-19T21:42:37.855Z] [worker-pool] Adding worker with key api, total=1 {"metadata":{"emulator":{"name":"functions"},"message":"[worker-pool] Adding worker with key api, total=1"}}
[debug] [2021-05-19T21:42:37.855Z] [worker-pool] submitWork(triggerId=api) {"metadata":{"emulator":{"name":"functions"},"message":"[worker-pool] submitWork(triggerId=api)"}}
[debug] [2021-05-19T21:42:37.856Z] [worker-api-dae6668b-aa35-42f4-a789-c6ac409e501e]: Assigning socketPath: \\?\pipe\E:\amazon-clone\functions\14456 {"metadata":{"emulator":{"name":"functions"},"message":"[worker-api-dae6668b-aa35-42f4-a789-c6ac409e501e]: Assigning socketPath: \\\\?\\pipe\\E:\\amazon-clone\\functions\\14456"}}
[debug] [2021-05-19T21:42:37.856Z] [worker-api-dae6668b-aa35-42f4-a789-c6ac409e501e]: BUSY {"metadata":{"emulator":{"name":"functions"},"message":"[worker-api-dae6668b-aa35-42f4-a789-c6ac409e501e]: BUSY"}}
[debug] [2021-05-19T21:42:38.182Z] [runtime-status] [14456] Functions runtime initialized. {"cwd":"E:\\amazon-clone\\functions","node_version":"14.15.0"} {"metadata":{"emulator":{"name":"functions"},"function":{"name":"api"},"message":"[runtime-status] [14456] Functions runtime initialized. {\"cwd\":\"E:\\\\amazon-clone\\\\functions\",\"node_version\":\"14.15.0\"}"}}
[debug] [2021-05-19T21:42:38.184Z] [runtime-status] [14456] Disabled runtime features: undefined {"metadata":{"emulator":{"name":"functions"},"function":{"name":"api"},"message":"[runtime-status] [14456] Disabled runtime features: undefined"}}
[debug] [2021-05-19T21:42:38.188Z] [runtime-status] [14456] Resolved module firebase-admin {"declared":true,"installed":true,"version":"9.6.0","resolution":"E:\\amazon-clone\\functions\\node_modules\\firebase-admin\\lib\\index.js"} {"metadata":{"emulator":{"name":"functions"},"function":{"name":"api"},"message":"[runtime-status] [14456] Resolved module firebase-admin {\"declared\":true,\"installed\":true,\"version\":\"9.6.0\",\"resolution\":\"E:\\\\amazon-clone\\\\functions\\\\node_modules\\\\firebase-admin\\\\lib\\\\index.js\"}"}}
[debug] [2021-05-19T21:42:38.190Z] [runtime-status] [14456] Resolved module firebase-functions {"declared":true,"installed":true,"version":"3.13.2","resolution":"E:\\amazon-clone\\functions\\node_modules\\firebase-functions\\lib\\index.js"} {"metadata":{"emulator":{"name":"functions"},"function":{"name":"api"},"message":"[runtime-status] [14456] Resolved module firebase-functions {\"declared\":true,\"installed\":true,\"version\":\"3.13.2\",\"resolution\":\"E:\\\\amazon-clone\\\\functions\\\\node_modules\\\\firebase-functions\\\\lib\\\\index.js\"}"}}
[debug] [2021-05-19T21:42:38.193Z] [runtime-status] [14456] Resolved module firebase-functions {"declared":true,"installed":true,"version":"3.13.2","resolution":"E:\\amazon-clone\\functions\\node_modules\\firebase-functions\\lib\\index.js"} {"metadata":{"emulator":{"name":"functions"},"function":{"name":"api"},"message":"[runtime-status] [14456] Resolved module firebase-functions {\"declared\":true,\"installed\":true,\"version\":\"3.13.2\",\"resolution\":\"E:\\\\amazon-clone\\\\functions\\\\node_modules\\\\firebase-functions\\\\lib\\\\index.js\"}"}}
[debug] [2021-05-19T21:42:38.195Z] [runtime-status] [14456] Outgoing network have been stubbed. [{"name":"http","status":"mocked"},{"name":"http","status":"mocked"},{"name":"https","status":"mocked"},{"name":"https","status":"mocked"},{"name":"net","status":"mocked"}] {"metadata":{"emulator":{"name":"functions"},"function":{"name":"api"},"message":"[runtime-status] [14456] Outgoing network have been stubbed. [{\"name\":\"http\",\"status\":\"mocked\"},{\"name\":\"http\",\"status\":\"mocked\"},{\"name\":\"https\",\"status\":\"mocked\"},{\"name\":\"https\",\"status\":\"mocked\"},{\"name\":\"net\",\"status\":\"mocked\"}]"}}
[debug] [2021-05-19T21:42:38.196Z] [runtime-status] [14456] Resolved module firebase-functions {"declared":true,"installed":true,"version":"3.13.2","resolution":"E:\\amazon-clone\\functions\\node_modules\\firebase-functions\\lib\\index.js"} {"metadata":{"emulator":{"name":"functions"},"function":{"name":"api"},"message":"[runtime-status] [14456] Resolved module firebase-functions {\"declared\":true,\"installed\":true,\"version\":\"3.13.2\",\"resolution\":\"E:\\\\amazon-clone\\\\functions\\\\node_modules\\\\firebase-functions\\\\lib\\\\index.js\"}"}}
[debug] [2021-05-19T21:42:38.256Z] [runtime-status] [14456] Checked functions.config() {"config":{}} {"metadata":{"emulator":{"name":"functions"},"function":{"name":"api"},"message":"[runtime-status] [14456] Checked functions.config() {\"config\":{}}"}}
[debug] [2021-05-19T21:42:38.257Z] [runtime-status] [14456] firebase-functions has been stubbed. {"functionsResolution":{"declared":true,"installed":true,"version":"3.13.2","resolution":"E:\\amazon-clone\\functions\\node_modules\\firebase-functions\\lib\\index.js"}} {"metadata":{"emulator":{"name":"functions"},"function":{"name":"api"},"message":"[runtime-status] [14456] firebase-functions has been stubbed. {\"functionsResolution\":{\"declared\":true,\"installed\":true,\"version\":\"3.13.2\",\"resolution\":\"E:\\\\amazon-clone\\\\functions\\\\node_modules\\\\firebase-functions\\\\lib\\\\index.js\"}}"}}
[debug] [2021-05-19T21:42:38.257Z] [runtime-status] [14456] Resolved module firebase-functions {"declared":true,"installed":true,"version":"3.13.2","resolution":"E:\\amazon-clone\\functions\\node_modules\\firebase-functions\\lib\\index.js"} {"metadata":{"emulator":{"name":"functions"},"function":{"name":"api"},"message":"[runtime-status] [14456] Resolved module firebase-functions {\"declared\":true,\"installed\":true,\"version\":\"3.13.2\",\"resolution\":\"E:\\\\amazon-clone\\\\functions\\\\node_modules\\\\firebase-functions\\\\lib\\\\index.js\"}"}}
[debug] [2021-05-19T21:42:38.259Z] [runtime-status] [14456] Resolved module firebase-admin {"declared":true,"installed":true,"version":"9.6.0","resolution":"E:\\amazon-clone\\functions\\node_modules\\firebase-admin\\lib\\index.js"} {"metadata":{"emulator":{"name":"functions"},"function":{"name":"api"},"message":"[runtime-status] [14456] Resolved module firebase-admin {\"declared\":true,\"installed\":true,\"version\":\"9.6.0\",\"resolution\":\"E:\\\\amazon-clone\\\\functions\\\\node_modules\\\\firebase-admin\\\\lib\\\\index.js\"}"}}
[debug] [2021-05-19T21:42:38.260Z] [runtime-status] [14456] Resolved module firebase-functions {"declared":true,"installed":true,"version":"3.13.2","resolution":"E:\\amazon-clone\\functions\\node_modules\\firebase-functions\\lib\\index.js"} {"metadata":{"emulator":{"name":"functions"},"function":{"name":"api"},"message":"[runtime-status] [14456] Resolved module firebase-functions {\"declared\":true,\"installed\":true,\"version\":\"3.13.2\",\"resolution\":\"E:\\\\amazon-clone\\\\functions\\\\node_modules\\\\firebase-functions\\\\lib\\\\index.js\"}"}}
[debug] [2021-05-19T21:42:38.260Z] [runtime-status] [14456] firebase-admin has been stubbed. {"adminResolution":{"declared":true,"installed":true,"version":"9.6.0","resolution":"E:\\amazon-clone\\functions\\node_modules\\firebase-admin\\lib\\index.js"}} {"metadata":{"emulator":{"name":"functions"},"function":{"name":"api"},"message":"[runtime-status] [14456] firebase-admin has been stubbed. {\"adminResolution\":{\"declared\":true,\"installed\":true,\"version\":\"9.6.0\",\"resolution\":\"E:\\\\amazon-clone\\\\functions\\\\node_modules\\\\firebase-admin\\\\lib\\\\index.js\"}}"}}
[debug] [2021-05-19T21:42:38.479Z] [runtime-status] [14456] Trigger "api" has been found, beginning invocation! {"metadata":{"emulator":{"name":"functions"},"function":{"name":"api"},"message":"[runtime-status] [14456] Trigger \"api\" has been found, beginning invocation!"}}
[info] i  functions: Beginning execution of "api" {"metadata":{"emulator":{"name":"functions"},"function":{"name":"api"},"message":"Beginning execution of \"api\""}}
[debug] [2021-05-19T21:42:38.481Z] [runtime-status] [14456] triggerDefinition {"httpsTrigger":{},"name":"api","entryPoint":"api"} {"metadata":{"emulator":{"name":"functions"},"function":{"name":"api"},"message":"[runtime-status] [14456] triggerDefinition {\"httpsTrigger\":{},\"name\":\"api\",\"entryPoint\":\"api\"}"}}
[debug] [2021-05-19T21:42:38.481Z] [runtime-status] [14456] Running api in mode HTTPS {"metadata":{"emulator":{"name":"functions"},"function":{"name":"api"},"message":"[runtime-status] [14456] Running api in mode HTTPS"}}
[debug] [2021-05-19T21:42:38.485Z] [runtime-status] [14456] Attempting to listen to socketPath: \\?\pipe\E:\amazon-clone\functions\14456 {"metadata":{"emulator":{"name":"functions"},"function":{"name":"api"},"message":"[runtime-status] [14456] Attempting to listen to socketPath: \\\\?\\pipe\\E:\\amazon-clone\\functions\\14456"}}
[debug] [2021-05-19T21:42:38.500Z] [functions] Runtime ready! Sending request! {"metadata":{"emulator":{"name":"functions"},"message":"[functions] Runtime ready! Sending request!"}}
[debug] [2021-05-19T21:42:38.501Z] [functions] Got req.url=/clone-495ef/us-central1/api/payments/create?total=3588.0000000000005, mapping to path=/payments/create?total=3588.0000000000005 {"metadata":{"emulator":{"name":"functions"},"message":"[functions] Got req.url=/clone-495ef/us-central1/api/payments/create?total=3588.0000000000005, mapping to path=/payments/create?total=3588.0000000000005"}}
[debug] [2021-05-19T21:42:38.516Z] [runtime-status] [14456] Ephemeral server handling POST request {"metadata":{"emulator":{"name":"functions"},"function":{"name":"api"},"message":"[runtime-status] [14456] Ephemeral server handling POST request"}}
[info] >  Payment Request Recieved BOOM!!! for this amount >>>  3588.0000000000005 {"user":"Payment Request Recieved BOOM!!! for this amount >>>  3588.0000000000005","metadata":{"emulator":{"name":"functions"},"function":{"name":"api"},"message":"\u001b[90m> \u001b[39m Payment Request Recieved BOOM!!! for this amount >>>  3588.0000000000005"}}
[debug] [2021-05-19T21:42:38.533Z] [runtime-status] [14456] Ephemeral server survived. {"metadata":{"emulator":{"name":"functions"},"function":{"name":"api"},"message":"[runtime-status] [14456] Ephemeral server survived."}}
[info] >  (node:14456) UnhandledPromiseRejectionWarning: Error: Invalid integer: 3588.0000000000005 {"user":"(node:14456) UnhandledPromiseRejectionWarning: Error: Invalid integer: 3588.0000000000005","metadata":{"emulator":{"name":"functions"},"function":{"name":"api"},"message":"\u001b[90m> \u001b[39m (node:14456) UnhandledPromiseRejectionWarning: Error: Invalid integer: 3588.0000000000005"}}
[info] >      at Function.generate (E:\amazon-clone\functions\node_modules\stripe\lib\Error.js:40:16) {"user":"    at Function.generate (E:\\amazon-clone\\functions\\node_modules\\stripe\\lib\\Error.js:40:16)","metadata":{"emulator":{"name":"functions"},"function":{"name":"api"},"message":"\u001b[90m> \u001b[39m     at Function.generate (E:\\amazon-clone\\functions\\node_modules\\stripe\\lib\\Error.js:40:16)"}}
[info] >      at IncomingMessage.<anonymous> (E:\amazon-clone\functions\node_modules\stripe\lib\StripeResource.js:180:33) {"user":"    at IncomingMessage.<anonymous> (E:\\amazon-clone\\functions\\node_modules\\stripe\\lib\\StripeResource.js:180:33)","metadata":{"emulator":{"name":"functions"},"function":{"name":"api"},"message":"\u001b[90m> \u001b[39m     at IncomingMessage.<anonymous> (E:\\amazon-clone\\functions\\node_modules\\stripe\\lib\\StripeResource.js:180:33)"}}
[info] >      at Object.onceWrapper (events.js:421:28) {"user":"    at Object.onceWrapper (events.js:421:28)","metadata":{"emulator":{"name":"functions"},"function":{"name":"api"},"message":"\u001b[90m> \u001b[39m     at Object.onceWrapper (events.js:421:28)"}}
[info] >      at IncomingMessage.emit (events.js:327:22) {"user":"    at IncomingMessage.emit (events.js:327:22)","metadata":{"emulator":{"name":"functions"},"function":{"name":"api"},"message":"\u001b[90m> \u001b[39m     at IncomingMessage.emit (events.js:327:22)"}}
[info] >      at endReadableNT (_stream_readable.js:1327:12) {"user":"    at endReadableNT (_stream_readable.js:1327:12)","metadata":{"emulator":{"name":"functions"},"function":{"name":"api"},"message":"\u001b[90m> \u001b[39m     at endReadableNT (_stream_readable.js:1327:12)"}}
[info] >      at processTicksAndRejections (internal/process/task_queues.js:80:21) {"user":"    at processTicksAndRejections (internal/process/task_queues.js:80:21)","metadata":{"emulator":{"name":"functions"},"function":{"name":"api"},"message":"\u001b[90m> \u001b[39m     at processTicksAndRejections (internal/process/task_queues.js:80:21)"}}
[info] >  (Use `node --trace-warnings ...` to show where the warning was created) {"user":"(Use `node --trace-warnings ...` to show where the warning was created)","metadata":{"emulator":{"name":"functions"},"function":{"name":"api"},"message":"\u001b[90m> \u001b[39m (Use `node --trace-warnings ...` to show where the warning was created)"}}
[info] >  (node:14456) UnhandledPromiseRejectionWarning: Unhandled promise rejection. This error originated either by throwing inside of an async function without a catch block, or by rejecting a promise which was not handled with .catch(). To terminate the node process on unhandled promise rejection, use the CLI flag `--unhandled-rejections=strict` (see https://nodejs.org/api/cli.html#cli_unhandled_rejections_mode). (rejection id: 1) {"user":"(node:14456) UnhandledPromiseRejectionWarning: Unhandled promise rejection. This error originated either by throwing inside of an async function without a catch block, or by rejecting a promise which was not handled with .catch(). To terminate the node process on unhandled promise rejection, use the CLI flag `--unhandled-rejections=strict` (see https://nodejs.org/api/cli.html#cli_unhandled_rejections_mode). (rejection id: 1)","metadata":{"emulator":{"name":"functions"},"function":{"name":"api"},"message":"\u001b[90m> \u001b[39m (node:14456) UnhandledPromiseRejectionWarning: Unhandled promise rejection. This error originated either by throwing inside of an async function without a catch block, or by rejecting a promise which was not handled with .catch(). To terminate the node process on unhandled promise rejection, use the CLI flag `--unhandled-rejections=strict` (see https://nodejs.org/api/cli.html#cli_unhandled_rejections_mode). (rejection id: 1)"}}
[info] >  (node:14456) [DEP0018] DeprecationWarning: Unhandled promise rejections are deprecated. In the future, promise rejections that are not handled will terminate the Node.js process with a non-zero exit code. {"user":"(node:14456) [DEP0018] DeprecationWarning: Unhandled promise rejections are deprecated. In the future, promise rejections that are not handled will terminate the Node.js process with a non-zero exit code.","metadata":{"emulator":{"name":"functions"},"function":{"name":"api"},"message":"\u001b[90m> \u001b[39m (node:14456) [DEP0018] DeprecationWarning: Unhandled promise rejections are deprecated. In the future, promise rejections that are not handled will terminate the Node.js process with a non-zero exit code."}}
[warn] !  functions: Your function timed out after ~60s. To configure this timeout, see
      https://firebase.google.com/docs/functions/manage-functions#set_timeout_and_memory_allocation. {"metadata":{"emulator":{"name":"functions"},"function":{"name":"api"},"message":"Your function timed out after ~60s. To configure this timeout, see\n      https://firebase.google.com/docs/functions/manage-functions#set_timeout_and_memory_allocation."}}
[info] >  C:\Users\Ayush\AppData\Roaming\npm\node_modules\firebase-tools\lib\emulator\functionsEmulatorRuntime.js:648 {"user":"C:\\Users\\Ayush\\AppData\\Roaming\\npm\\node_modules\\firebase-tools\\lib\\emulator\\functionsEmulatorRuntime.js:648\r","metadata":{"emulator":{"name":"functions"},"function":{"name":"api"},"message":"\u001b[90m> \u001b[39m C:\\Users\\Ayush\\AppData\\Roaming\\npm\\node_modules\\firebase-tools\\lib\\emulator\\functionsEmulatorRuntime.js:648\r"}}
[info] >              throw new Error("Function timed out."); {"user":"            throw new Error(\"Function timed out.\");\r","metadata":{"emulator":{"name":"functions"},"function":{"name":"api"},"message":"\u001b[90m> \u001b[39m             throw new Error(\"Function timed out.\");\r"}}
[info] >              ^ {"user":"            ^\r","metadata":{"emulator":{"name":"functions"},"function":{"name":"api"},"message":"\u001b[90m> \u001b[39m             ^\r"}}
[info] >   {"user":"\r","metadata":{"emulator":{"name":"functions"},"function":{"name":"api"},"message":"\u001b[90m> \u001b[39m \r"}}
[info] >  Error: Function timed out. {"user":"Error: Function timed out.\r","metadata":{"emulator":{"name":"functions"},"function":{"name":"api"},"message":"\u001b[90m> \u001b[39m Error: Function timed out.\r"}}
[info] >      at Timeout._onTimeout (C:\Users\Ayush\AppData\Roaming\npm\node_modules\firebase-tools\lib\emulator\functionsEmulatorRuntime.js:648:19) {"user":"    at Timeout._onTimeout (C:\\Users\\Ayush\\AppData\\Roaming\\npm\\node_modules\\firebase-tools\\lib\\emulator\\functionsEmulatorRuntime.js:648:19)\r","metadata":{"emulator":{"name":"functions"},"function":{"name":"api"},"message":"\u001b[90m> \u001b[39m     at Timeout._onTimeout (C:\\Users\\Ayush\\AppData\\Roaming\\npm\\node_modules\\firebase-tools\\lib\\emulator\\functionsEmulatorRuntime.js:648:19)\r"}}
[info] >      at listOnTimeout (internal/timers.js:554:17) {"user":"    at listOnTimeout (internal/timers.js:554:17)\r","metadata":{"emulator":{"name":"functions"},"function":{"name":"api"},"message":"\u001b[90m> \u001b[39m     at listOnTimeout (internal/timers.js:554:17)\r"}}
[info] >      at processTimers (internal/timers.js:497:7) {"user":"    at processTimers (internal/timers.js:497:7)\r","metadata":{"emulator":{"name":"functions"},"function":{"name":"api"},"message":"\u001b[90m> \u001b[39m     at processTimers (internal/timers.js:497:7)\r"}}
[debug] [2021-05-19T21:43:38.552Z] [worker-api-dae6668b-aa35-42f4-a789-c6ac409e501e]: exited {"metadata":{"emulator":{"name":"functions"},"message":"[worker-api-dae6668b-aa35-42f4-a789-c6ac409e501e]: exited"}}
[debug] [2021-05-19T21:43:38.553Z] [worker-api-dae6668b-aa35-42f4-a789-c6ac409e501e]: FINISHED {"metadata":{"emulator":{"name":"functions"},"message":"[worker-api-dae6668b-aa35-42f4-a789-c6ac409e501e]: FINISHED"}}
[debug] [2021-05-19T21:43:38.553Z] [work-queue] {"queueLength":0,"workRunningCount":0}
[debug] [2021-05-19T21:50:04.522Z] [work-queue] {"queueLength":1,"workRunningCount":0}
[debug] [2021-05-19T21:50:04.523Z] [work-queue] {"queueLength":0,"workRunningCount":1}
[debug] [2021-05-19T21:50:04.524Z] Accepted request POST /clone-495ef/us-central1/api/payments/create?total=3588.0000000000005 --> api
[debug] [2021-05-19T21:50:04.525Z] [worker-pool] Cleaned up workers for api: 1 --> 0 {"metadata":{"emulator":{"name":"functions"},"message":"[worker-pool] Cleaned up workers for api: 1 --> 0"}}
[debug] [2021-05-19T21:50:04.552Z] [worker-pool] addWorker(api) {"metadata":{"emulator":{"name":"functions"},"message":"[worker-pool] addWorker(api)"}}
[debug] [2021-05-19T21:50:04.552Z] [worker-pool] Adding worker with key api, total=1 {"metadata":{"emulator":{"name":"functions"},"message":"[worker-pool] Adding worker with key api, total=1"}}
[debug] [2021-05-19T21:50:04.553Z] [worker-pool] submitWork(triggerId=api) {"metadata":{"emulator":{"name":"functions"},"message":"[worker-pool] submitWork(triggerId=api)"}}
[debug] [2021-05-19T21:50:04.553Z] [worker-api-010002be-dade-45bb-bc45-343afa8231cc]: Assigning socketPath: \\?\pipe\E:\amazon-clone\functions\24292 {"metadata":{"emulator":{"name":"functions"},"message":"[worker-api-010002be-dade-45bb-bc45-343afa8231cc]: Assigning socketPath: \\\\?\\pipe\\E:\\amazon-clone\\functions\\24292"}}
[debug] [2021-05-19T21:50:04.554Z] [worker-api-010002be-dade-45bb-bc45-343afa8231cc]: BUSY {"metadata":{"emulator":{"name":"functions"},"message":"[worker-api-010002be-dade-45bb-bc45-343afa8231cc]: BUSY"}}
[debug] [2021-05-19T21:50:04.921Z] [runtime-status] [24292] Functions runtime initialized. {"cwd":"E:\\amazon-clone\\functions","node_version":"14.15.0"} {"metadata":{"emulator":{"name":"functions"},"function":{"name":"api"},"message":"[runtime-status] [24292] Functions runtime initialized. {\"cwd\":\"E:\\\\amazon-clone\\\\functions\",\"node_version\":\"14.15.0\"}"}}
[debug] [2021-05-19T21:50:04.924Z] [runtime-status] [24292] Disabled runtime features: undefined {"metadata":{"emulator":{"name":"functions"},"function":{"name":"api"},"message":"[runtime-status] [24292] Disabled runtime features: undefined"}}
[debug] [2021-05-19T21:50:04.931Z] [runtime-status] [24292] Resolved module firebase-admin {"declared":true,"installed":true,"version":"9.6.0","resolution":"E:\\amazon-clone\\functions\\node_modules\\firebase-admin\\lib\\index.js"} {"metadata":{"emulator":{"name":"functions"},"function":{"name":"api"},"message":"[runtime-status] [24292] Resolved module firebase-admin {\"declared\":true,\"installed\":true,\"version\":\"9.6.0\",\"resolution\":\"E:\\\\amazon-clone\\\\functions\\\\node_modules\\\\firebase-admin\\\\lib\\\\index.js\"}"}}
[debug] [2021-05-19T21:50:04.933Z] [runtime-status] [24292] Resolved module firebase-functions {"declared":true,"installed":true,"version":"3.13.2","resolution":"E:\\amazon-clone\\functions\\node_modules\\firebase-functions\\lib\\index.js"} {"metadata":{"emulator":{"name":"functions"},"function":{"name":"api"},"message":"[runtime-status] [24292] Resolved module firebase-functions {\"declared\":true,\"installed\":true,\"version\":\"3.13.2\",\"resolution\":\"E:\\\\amazon-clone\\\\functions\\\\node_modules\\\\firebase-functions\\\\lib\\\\index.js\"}"}}
[debug] [2021-05-19T21:50:04.935Z] [runtime-status] [24292] Resolved module firebase-functions {"declared":true,"installed":true,"version":"3.13.2","resolution":"E:\\amazon-clone\\functions\\node_modules\\firebase-functions\\lib\\index.js"} {"metadata":{"emulator":{"name":"functions"},"function":{"name":"api"},"message":"[runtime-status] [24292] Resolved module firebase-functions {\"declared\":true,\"installed\":true,\"version\":\"3.13.2\",\"resolution\":\"E:\\\\amazon-clone\\\\functions\\\\node_modules\\\\firebase-functions\\\\lib\\\\index.js\"}"}}
[debug] [2021-05-19T21:50:04.937Z] [runtime-status] [24292] Outgoing network have been stubbed. [{"name":"http","status":"mocked"},{"name":"http","status":"mocked"},{"name":"https","status":"mocked"},{"name":"https","status":"mocked"},{"name":"net","status":"mocked"}] {"metadata":{"emulator":{"name":"functions"},"function":{"name":"api"},"message":"[runtime-status] [24292] Outgoing network have been stubbed. [{\"name\":\"http\",\"status\":\"mocked\"},{\"name\":\"http\",\"status\":\"mocked\"},{\"name\":\"https\",\"status\":\"mocked\"},{\"name\":\"https\",\"status\":\"mocked\"},{\"name\":\"net\",\"status\":\"mocked\"}]"}}
[debug] [2021-05-19T21:50:04.938Z] [runtime-status] [24292] Resolved module firebase-functions {"declared":true,"installed":true,"version":"3.13.2","resolution":"E:\\amazon-clone\\functions\\node_modules\\firebase-functions\\lib\\index.js"} {"metadata":{"emulator":{"name":"functions"},"function":{"name":"api"},"message":"[runtime-status] [24292] Resolved module firebase-functions {\"declared\":true,\"installed\":true,\"version\":\"3.13.2\",\"resolution\":\"E:\\\\amazon-clone\\\\functions\\\\node_modules\\\\firebase-functions\\\\lib\\\\index.js\"}"}}
[debug] [2021-05-19T21:50:05.011Z] [runtime-status] [24292] Checked functions.config() {"config":{}} {"metadata":{"emulator":{"name":"functions"},"function":{"name":"api"},"message":"[runtime-status] [24292] Checked functions.config() {\"config\":{}}"}}
[debug] [2021-05-19T21:50:05.012Z] [runtime-status] [24292] firebase-functions has been stubbed. {"functionsResolution":{"declared":true,"installed":true,"version":"3.13.2","resolution":"E:\\amazon-clone\\functions\\node_modules\\firebase-functions\\lib\\index.js"}} {"metadata":{"emulator":{"name":"functions"},"function":{"name":"api"},"message":"[runtime-status] [24292] firebase-functions has been stubbed. {\"functionsResolution\":{\"declared\":true,\"installed\":true,\"version\":\"3.13.2\",\"resolution\":\"E:\\\\amazon-clone\\\\functions\\\\node_modules\\\\firebase-functions\\\\lib\\\\index.js\"}}"}}
[debug] [2021-05-19T21:50:05.012Z] [runtime-status] [24292] Resolved module firebase-functions {"declared":true,"installed":true,"version":"3.13.2","resolution":"E:\\amazon-clone\\functions\\node_modules\\firebase-functions\\lib\\index.js"} {"metadata":{"emulator":{"name":"functions"},"function":{"name":"api"},"message":"[runtime-status] [24292] Resolved module firebase-functions {\"declared\":true,\"installed\":true,\"version\":\"3.13.2\",\"resolution\":\"E:\\\\amazon-clone\\\\functions\\\\node_modules\\\\firebase-functions\\\\lib\\\\index.js\"}"}}
[debug] [2021-05-19T21:50:05.014Z] [runtime-status] [24292] Resolved module firebase-admin {"declared":true,"installed":true,"version":"9.6.0","resolution":"E:\\amazon-clone\\functions\\node_modules\\firebase-admin\\lib\\index.js"} {"metadata":{"emulator":{"name":"functions"},"function":{"name":"api"},"message":"[runtime-status] [24292] Resolved module firebase-admin {\"declared\":true,\"installed\":true,\"version\":\"9.6.0\",\"resolution\":\"E:\\\\amazon-clone\\\\functions\\\\node_modules\\\\firebase-admin\\\\lib\\\\index.js\"}"}}
[debug] [2021-05-19T21:50:05.015Z] [runtime-status] [24292] Resolved module firebase-functions {"declared":true,"installed":true,"version":"3.13.2","resolution":"E:\\amazon-clone\\functions\\node_modules\\firebase-functions\\lib\\index.js"} {"metadata":{"emulator":{"name":"functions"},"function":{"name":"api"},"message":"[runtime-status] [24292] Resolved module firebase-functions {\"declared\":true,\"installed\":true,\"version\":\"3.13.2\",\"resolution\":\"E:\\\\amazon-clone\\\\functions\\\\node_modules\\\\firebase-functions\\\\lib\\\\index.js\"}"}}
[debug] [2021-05-19T21:50:05.015Z] [runtime-status] [24292] firebase-admin has been stubbed. {"adminResolution":{"declared":true,"installed":true,"version":"9.6.0","resolution":"E:\\amazon-clone\\functions\\node_modules\\firebase-admin\\lib\\index.js"}} {"metadata":{"emulator":{"name":"functions"},"function":{"name":"api"},"message":"[runtime-status] [24292] firebase-admin has been stubbed. {\"adminResolution\":{\"declared\":true,\"installed\":true,\"version\":\"9.6.0\",\"resolution\":\"E:\\\\amazon-clone\\\\functions\\\\node_modules\\\\firebase-admin\\\\lib\\\\index.js\"}}"}}
[debug] [2021-05-19T21:50:05.285Z] [runtime-status] [24292] Trigger "api" has been found, beginning invocation! {"metadata":{"emulator":{"name":"functions"},"function":{"name":"api"},"message":"[runtime-status] [24292] Trigger \"api\" has been found, beginning invocation!"}}
[info] i  functions: Beginning execution of "api" {"metadata":{"emulator":{"name":"functions"},"function":{"name":"api"},"message":"Beginning execution of \"api\""}}
[debug] [2021-05-19T21:50:05.286Z] [runtime-status] [24292] triggerDefinition {"httpsTrigger":{},"name":"api","entryPoint":"api"} {"metadata":{"emulator":{"name":"functions"},"function":{"name":"api"},"message":"[runtime-status] [24292] triggerDefinition {\"httpsTrigger\":{},\"name\":\"api\",\"entryPoint\":\"api\"}"}}
[debug] [2021-05-19T21:50:05.287Z] [runtime-status] [24292] Running api in mode HTTPS {"metadata":{"emulator":{"name":"functions"},"function":{"name":"api"},"message":"[runtime-status] [24292] Running api in mode HTTPS"}}
[debug] [2021-05-19T21:50:05.289Z] [runtime-status] [24292] Attempting to listen to socketPath: \\?\pipe\E:\amazon-clone\functions\24292 {"metadata":{"emulator":{"name":"functions"},"function":{"name":"api"},"message":"[runtime-status] [24292] Attempting to listen to socketPath: \\\\?\\pipe\\E:\\amazon-clone\\functions\\24292"}}
[debug] [2021-05-19T21:50:05.293Z] [functions] Runtime ready! Sending request! {"metadata":{"emulator":{"name":"functions"},"message":"[functions] Runtime ready! Sending request!"}}
[debug] [2021-05-19T21:50:05.293Z] [functions] Got req.url=/clone-495ef/us-central1/api/payments/create?total=3588.0000000000005, mapping to path=/payments/create?total=3588.0000000000005 {"metadata":{"emulator":{"name":"functions"},"message":"[functions] Got req.url=/clone-495ef/us-central1/api/payments/create?total=3588.0000000000005, mapping to path=/payments/create?total=3588.0000000000005"}}
[debug] [2021-05-19T21:50:05.301Z] [runtime-status] [24292] Ephemeral server handling POST request {"metadata":{"emulator":{"name":"functions"},"function":{"name":"api"},"message":"[runtime-status] [24292] Ephemeral server handling POST request"}}
[info] >  Payment Request Recieved BOOM!!! for this amount >>>  3588.0000000000005 {"user":"Payment Request Recieved BOOM!!! for this amount >>>  3588.0000000000005","metadata":{"emulator":{"name":"functions"},"function":{"name":"api"},"message":"\u001b[90m> \u001b[39m Payment Request Recieved BOOM!!! for this amount >>>  3588.0000000000005"}}
[debug] [2021-05-19T21:50:05.313Z] [runtime-status] [24292] Ephemeral server survived. {"metadata":{"emulator":{"name":"functions"},"function":{"name":"api"},"message":"[runtime-status] [24292] Ephemeral server survived."}}
[info] >  (node:24292) UnhandledPromiseRejectionWarning: Error: Invalid integer: 3588.0000000000005 {"user":"(node:24292) UnhandledPromiseRejectionWarning: Error: Invalid integer: 3588.0000000000005","metadata":{"emulator":{"name":"functions"},"function":{"name":"api"},"message":"\u001b[90m> \u001b[39m (node:24292) UnhandledPromiseRejectionWarning: Error: Invalid integer: 3588.0000000000005"}}
[info] >      at Function.generate (E:\amazon-clone\functions\node_modules\stripe\lib\Error.js:40:16) {"user":"    at Function.generate (E:\\amazon-clone\\functions\\node_modules\\stripe\\lib\\Error.js:40:16)","metadata":{"emulator":{"name":"functions"},"function":{"name":"api"},"message":"\u001b[90m> \u001b[39m     at Function.generate (E:\\amazon-clone\\functions\\node_modules\\stripe\\lib\\Error.js:40:16)"}}
[info] >      at IncomingMessage.<anonymous> (E:\amazon-clone\functions\node_modules\stripe\lib\StripeResource.js:180:33) {"user":"    at IncomingMessage.<anonymous> (E:\\amazon-clone\\functions\\node_modules\\stripe\\lib\\StripeResource.js:180:33)","metadata":{"emulator":{"name":"functions"},"function":{"name":"api"},"message":"\u001b[90m> \u001b[39m     at IncomingMessage.<anonymous> (E:\\amazon-clone\\functions\\node_modules\\stripe\\lib\\StripeResource.js:180:33)"}}
[info] >      at Object.onceWrapper (events.js:421:28) {"user":"    at Object.onceWrapper (events.js:421:28)","metadata":{"emulator":{"name":"functions"},"function":{"name":"api"},"message":"\u001b[90m> \u001b[39m     at Object.onceWrapper (events.js:421:28)"}}
[info] >      at IncomingMessage.emit (events.js:327:22) {"user":"    at IncomingMessage.emit (events.js:327:22)","metadata":{"emulator":{"name":"functions"},"function":{"name":"api"},"message":"\u001b[90m> \u001b[39m     at IncomingMessage.emit (events.js:327:22)"}}
[info] >      at endReadableNT (_stream_readable.js:1327:12) {"user":"    at endReadableNT (_stream_readable.js:1327:12)","metadata":{"emulator":{"name":"functions"},"function":{"name":"api"},"message":"\u001b[90m> \u001b[39m     at endReadableNT (_stream_readable.js:1327:12)"}}
[info] >      at processTicksAndRejections (internal/process/task_queues.js:80:21) {"user":"    at processTicksAndRejections (internal/process/task_queues.js:80:21)","metadata":{"emulator":{"name":"functions"},"function":{"name":"api"},"message":"\u001b[90m> \u001b[39m     at processTicksAndRejections (internal/process/task_queues.js:80:21)"}}
[info] >  (Use `node --trace-warnings ...` to show where the warning was created) {"user":"(Use `node --trace-warnings ...` to show where the warning was created)","metadata":{"emulator":{"name":"functions"},"function":{"name":"api"},"message":"\u001b[90m> \u001b[39m (Use `node --trace-warnings ...` to show where the warning was created)"}}
[info] >  (node:24292) UnhandledPromiseRejectionWarning: Unhandled promise rejection. This error originated either by throwing inside of an async function without a catch block, or by rejecting a promise which was not handled with .catch(). To terminate the node process on unhandled promise rejection, use the CLI flag `--unhandled-rejections=strict` (see https://nodejs.org/api/cli.html#cli_unhandled_rejections_mode). (rejection id: 1) {"user":"(node:24292) UnhandledPromiseRejectionWarning: Unhandled promise rejection. This error originated either by throwing inside of an async function without a catch block, or by rejecting a promise which was not handled with .catch(). To terminate the node process on unhandled promise rejection, use the CLI flag `--unhandled-rejections=strict` (see https://nodejs.org/api/cli.html#cli_unhandled_rejections_mode). (rejection id: 1)","metadata":{"emulator":{"name":"functions"},"function":{"name":"api"},"message":"\u001b[90m> \u001b[39m (node:24292) UnhandledPromiseRejectionWarning: Unhandled promise rejection. This error originated either by throwing inside of an async function without a catch block, or by rejecting a promise which was not handled with .catch(). To terminate the node process on unhandled promise rejection, use the CLI flag `--unhandled-rejections=strict` (see https://nodejs.org/api/cli.html#cli_unhandled_rejections_mode). (rejection id: 1)"}}
[info] >  (node:24292) [DEP0018] DeprecationWarning: Unhandled promise rejections are deprecated. In the future, promise rejections that are not handled will terminate the Node.js process with a non-zero exit code. {"user":"(node:24292) [DEP0018] DeprecationWarning: Unhandled promise rejections are deprecated. In the future, promise rejections that are not handled will terminate the Node.js process with a non-zero exit code.","metadata":{"emulator":{"name":"functions"},"function":{"name":"api"},"message":"\u001b[90m> \u001b[39m (node:24292) [DEP0018] DeprecationWarning: Unhandled promise rejections are deprecated. In the future, promise rejections that are not handled will terminate the Node.js process with a non-zero exit code."}}
[warn] !  functions: Your function timed out after ~60s. To configure this timeout, see
      https://firebase.google.com/docs/functions/manage-functions#set_timeout_and_memory_allocation. {"metadata":{"emulator":{"name":"functions"},"function":{"name":"api"},"message":"Your function timed out after ~60s. To configure this timeout, see\n      https://firebase.google.com/docs/functions/manage-functions#set_timeout_and_memory_allocation."}}
[info] >  C:\Users\Ayush\AppData\Roaming\npm\node_modules\firebase-tools\lib\emulator\functionsEmulatorRuntime.js:648 {"user":"C:\\Users\\Ayush\\AppData\\Roaming\\npm\\node_modules\\firebase-tools\\lib\\emulator\\functionsEmulatorRuntime.js:648\r","metadata":{"emulator":{"name":"functions"},"function":{"name":"api"},"message":"\u001b[90m> \u001b[39m C:\\Users\\Ayush\\AppData\\Roaming\\npm\\node_modules\\firebase-tools\\lib\\emulator\\functionsEmulatorRuntime.js:648\r"}}
[info] >              throw new Error("Function timed out."); {"user":"            throw new Error(\"Function timed out.\");\r","metadata":{"emulator":{"name":"functions"},"function":{"name":"api"},"message":"\u001b[90m> \u001b[39m             throw new Error(\"Function timed out.\");\r"}}
[info] >              ^ {"user":"            ^\r","metadata":{"emulator":{"name":"functions"},"function":{"name":"api"},"message":"\u001b[90m> \u001b[39m             ^\r"}}
[info] >   {"user":"\r","metadata":{"emulator":{"name":"functions"},"function":{"name":"api"},"message":"\u001b[90m> \u001b[39m \r"}}
[info] >  Error: Function timed out. {"user":"Error: Function timed out.\r","metadata":{"emulator":{"name":"functions"},"function":{"name":"api"},"message":"\u001b[90m> \u001b[39m Error: Function timed out.\r"}}
[info] >      at Timeout._onTimeout (C:\Users\Ayush\AppData\Roaming\npm\node_modules\firebase-tools\lib\emulator\functionsEmulatorRuntime.js:648:19) {"user":"    at Timeout._onTimeout (C:\\Users\\Ayush\\AppData\\Roaming\\npm\\node_modules\\firebase-tools\\lib\\emulator\\functionsEmulatorRuntime.js:648:19)\r","metadata":{"emulator":{"name":"functions"},"function":{"name":"api"},"message":"\u001b[90m> \u001b[39m     at Timeout._onTimeout (C:\\Users\\Ayush\\AppData\\Roaming\\npm\\node_modules\\firebase-tools\\lib\\emulator\\functionsEmulatorRuntime.js:648:19)\r"}}
[info] >      at listOnTimeout (internal/timers.js:554:17) {"user":"    at listOnTimeout (internal/timers.js:554:17)\r","metadata":{"emulator":{"name":"functions"},"function":{"name":"api"},"message":"\u001b[90m> \u001b[39m     at listOnTimeout (internal/timers.js:554:17)\r"}}
[info] >      at processTimers (internal/timers.js:497:7) {"user":"    at processTimers (internal/timers.js:497:7)\r","metadata":{"emulator":{"name":"functions"},"function":{"name":"api"},"message":"\u001b[90m> \u001b[39m     at processTimers (internal/timers.js:497:7)\r"}}
[debug] [2021-05-19T21:51:05.323Z] [worker-api-010002be-dade-45bb-bc45-343afa8231cc]: exited {"metadata":{"emulator":{"name":"functions"},"message":"[worker-api-010002be-dade-45bb-bc45-343afa8231cc]: exited"}}
[debug] [2021-05-19T21:51:05.327Z] [worker-api-010002be-dade-45bb-bc45-343afa8231cc]: FINISHED {"metadata":{"emulator":{"name":"functions"},"message":"[worker-api-010002be-dade-45bb-bc45-343afa8231cc]: FINISHED"}}
[debug] [2021-05-19T21:51:05.327Z] [work-queue] {"queueLength":0,"workRunningCount":0}
[debug] [2021-06-05T14:47:26.874Z] ----------------------------------------------------------------------
[debug] [2021-06-05T14:47:26.879Z] Command:       C:\Program Files\nodejs\node.exe C:\Users\Ayush\AppData\Roaming\npm\node_modules\firebase-tools\lib\bin\firebase.js emulators:start
[debug] [2021-06-05T14:47:26.879Z] CLI Version:   9.11.0
[debug] [2021-06-05T14:47:26.880Z] Platform:      win32
[debug] [2021-06-05T14:47:26.880Z] Node Version:  v14.15.0
[debug] [2021-06-05T14:47:26.883Z] Time:          Sat Jun 05 2021 20:17:26 GMT+0530 (India Standard Time)
[debug] [2021-06-05T14:47:26.883Z] ----------------------------------------------------------------------
[debug] 
[debug] [2021-06-05T14:47:26.955Z] >>> [apiv2][query] GET https://firebase-public.firebaseio.com/cli.json [none]
[debug] [2021-06-05T14:47:27.178Z] > command requires scopes: ["email","openid","https://www.googleapis.com/auth/cloudplatformprojects.readonly","https://www.googleapis.com/auth/firebase","https://www.googleapis.com/auth/cloud-platform"]
[debug] [2021-06-05T14:47:27.179Z] > authorizing via signed-in user (ayush.agr20@gmail.com)
[info] i  emulators: Starting emulators: functions {"metadata":{"emulator":{"name":"hub"},"message":"Starting emulators: functions"}}
[debug] [2021-06-05T14:47:27.283Z] [hub] writing locator at C:\Users\Ayush\AppData\Local\Temp\hub-clone-495ef.json
[warn] !  functions: The following emulators are not running, calls to these services from the Functions emulator will affect production: auth, firestore, database, hosting, pubsub, storage {"metadata":{"emulator":{"name":"functions"},"message":"The following emulators are not running, calls to these services from the Functions emulator will affect production: \u001b[1mauth, firestore, database, hosting, pubsub, storage\u001b[22m"}}
[warn] !  Your requested "node" version "12" doesn't match your global version "14" {"metadata":{"emulator":{"name":"functions"},"message":"Your requested \"node\" version \"12\" doesn't match your global version \"14\""}}
[debug] [2021-06-05T14:47:27.389Z] defaultcredentials: writing to file C:\Users\Ayush\AppData\Roaming\firebase\ayush_agr20_gmail.com_application_default_credentials.json
[debug] [2021-06-05T14:47:27.449Z] Setting GAC to C:\Users\Ayush\AppData\Roaming\firebase\ayush_agr20_gmail.com_application_default_credentials.json {"metadata":{"emulator":{"name":"functions"},"message":"Setting GAC to C:\\Users\\Ayush\\AppData\\Roaming\\firebase\\ayush_agr20_gmail.com_application_default_credentials.json"}}
[debug] [2021-06-05T14:47:27.452Z] > refreshing access token with scopes: []
[debug] [2021-06-05T14:47:27.453Z] >>> HTTP REQUEST POST https://www.googleapis.com/oauth2/v3/token  
 <request body omitted>
[debug] [2021-06-05T14:47:28.303Z] <<< HTTP RESPONSE 200 {"pragma":"no-cache","expires":"Mon, 01 Jan 1990 00:00:00 GMT","cache-control":"no-cache, no-store, max-age=0, must-revalidate","date":"Sat, 05 Jun 2021 14:47:28 GMT","content-type":"application/json; charset=utf-8","vary":"X-Origin, Referer, Origin,Accept-Encoding","server":"scaffolding on HTTPServer2","x-xss-protection":"0","x-frame-options":"SAMEORIGIN","x-content-type-options":"nosniff","alt-svc":"h3-29=\":443\"; ma=2592000,h3-T051=\":443\"; ma=2592000,h3-Q050=\":443\"; ma=2592000,h3-Q046=\":443\"; ma=2592000,h3-Q043=\":443\"; ma=2592000,quic=\":443\"; ma=2592000; v=\"46,43\"","accept-ranges":"none","transfer-encoding":"chunked"}
[debug] [2021-06-05T14:47:28.409Z] >>> [apiv2][query] GET https://firebase.googleapis.com/v1beta1/projects/clone-495ef/adminSdkConfig [none]
[debug] [2021-06-05T14:47:28.427Z] <<< [apiv2][status] GET https://firebase-public.firebaseio.com/cli.json 200
[debug] [2021-06-05T14:47:28.427Z] <<< [apiv2][body] GET https://firebase-public.firebaseio.com/cli.json {"cloudBuildErrorAfter":1594252800000,"cloudBuildWarnAfter":1590019200000,"defaultNode10After":1594252800000,"minVersion":"3.0.5","node8DeploysDisabledAfter":1613390400000,"node8RuntimeDisabledAfter":1615809600000,"node8WarnAfter":1600128000000}
[debug] [2021-06-05T14:47:29.490Z] <<< [apiv2][status] GET https://firebase.googleapis.com/v1beta1/projects/clone-495ef/adminSdkConfig 200
[debug] [2021-06-05T14:47:29.491Z] <<< [apiv2][body] GET https://firebase.googleapis.com/v1beta1/projects/clone-495ef/adminSdkConfig {"projectId":"clone-495ef","storageBucket":"clone-495ef.appspot.com","locationId":"us-central"}
[debug] [2021-06-05T14:47:29.628Z] Ignoring unsupported arg: auto_download {"metadata":{"emulator":{"name":"ui"},"message":"Ignoring unsupported arg: auto_download"}}
[debug] [2021-06-05T14:47:29.629Z] Ignoring unsupported arg: port {"metadata":{"emulator":{"name":"ui"},"message":"Ignoring unsupported arg: port"}}
[debug] [2021-06-05T14:47:29.629Z] Starting Emulator UI with command {"binary":"node","args":["C:\\Users\\Ayush\\.cache\\firebase\\emulators\\ui-v1.5.0\\server.bundle.js"],"optionalArgs":[],"joinArgs":false} {"metadata":{"emulator":{"name":"ui"},"message":"Starting Emulator UI with command {\"binary\":\"node\",\"args\":[\"C:\\\\Users\\\\Ayush\\\\.cache\\\\firebase\\\\emulators\\\\ui-v1.5.0\\\\server.bundle.js\"],\"optionalArgs\":[],\"joinArgs\":false}"}}
[info] i  ui: Emulator UI logging to ui-debug.log {"metadata":{"emulator":{"name":"ui"},"message":"Emulator UI logging to \u001b[1mui-debug.log\u001b[22m"}}
[debug] [2021-06-05T14:47:29.825Z] Web / API server started at http://localhost:4000
 {"metadata":{"emulator":{"name":"ui"},"message":"Web / API server started at http://localhost:4000\n"}}
[info] i  functions: Watching "E:\amazon-clone\functions" for Cloud Functions... {"metadata":{"emulator":{"name":"functions"},"message":"Watching \"E:\\amazon-clone\\functions\" for Cloud Functions..."}}
[debug] [2021-06-05T14:47:30.032Z] [worker-pool] addWorker(~diagnostic~) {"metadata":{"emulator":{"name":"functions"},"message":"[worker-pool] addWorker(~diagnostic~)"}}
[debug] [2021-06-05T14:47:30.032Z] [worker-pool] Adding worker with key ~diagnostic~, total=1 {"metadata":{"emulator":{"name":"functions"},"message":"[worker-pool] Adding worker with key ~diagnostic~, total=1"}}
[debug] [2021-06-05T14:47:30.032Z] [worker-pool] submitWork(triggerId=) {"metadata":{"emulator":{"name":"functions"},"message":"[worker-pool] submitWork(triggerId=)"}}
[debug] [2021-06-05T14:47:30.033Z] [worker-~diagnostic~-0eb7eb39-ec9e-4763-a494-697207dce433]: Assigning socketPath: \\?\pipe\E:\amazon-clone\functions\17884 {"metadata":{"emulator":{"name":"functions"},"message":"[worker-~diagnostic~-0eb7eb39-ec9e-4763-a494-697207dce433]: Assigning socketPath: \\\\?\\pipe\\E:\\amazon-clone\\functions\\17884"}}
[debug] [2021-06-05T14:47:30.033Z] [worker-~diagnostic~-0eb7eb39-ec9e-4763-a494-697207dce433]: BUSY {"metadata":{"emulator":{"name":"functions"},"message":"[worker-~diagnostic~-0eb7eb39-ec9e-4763-a494-697207dce433]: BUSY"}}
[debug] [2021-06-05T14:47:30.353Z] [runtime-status] [17884] Functions runtime initialized. {"cwd":"E:\\amazon-clone\\functions","node_version":"14.15.0"} {"metadata":{"emulator":{"name":"functions"},"message":"[runtime-status] [17884] Functions runtime initialized. {\"cwd\":\"E:\\\\amazon-clone\\\\functions\",\"node_version\":\"14.15.0\"}"}}
[debug] [2021-06-05T14:47:30.355Z] [runtime-status] [17884] Disabled runtime features: undefined {"metadata":{"emulator":{"name":"functions"},"message":"[runtime-status] [17884] Disabled runtime features: undefined"}}
[debug] [2021-06-05T14:47:30.381Z] [runtime-status] [17884] Resolved module firebase-admin {"declared":true,"installed":true,"version":"9.6.0","resolution":"E:\\amazon-clone\\functions\\node_modules\\firebase-admin\\lib\\index.js"} {"metadata":{"emulator":{"name":"functions"},"message":"[runtime-status] [17884] Resolved module firebase-admin {\"declared\":true,\"installed\":true,\"version\":\"9.6.0\",\"resolution\":\"E:\\\\amazon-clone\\\\functions\\\\node_modules\\\\firebase-admin\\\\lib\\\\index.js\"}"}}
[debug] [2021-06-05T14:47:30.400Z] [runtime-status] [17884] Resolved module firebase-functions {"declared":true,"installed":true,"version":"3.13.2","resolution":"E:\\amazon-clone\\functions\\node_modules\\firebase-functions\\lib\\index.js"} {"metadata":{"emulator":{"name":"functions"},"message":"[runtime-status] [17884] Resolved module firebase-functions {\"declared\":true,\"installed\":true,\"version\":\"3.13.2\",\"resolution\":\"E:\\\\amazon-clone\\\\functions\\\\node_modules\\\\firebase-functions\\\\lib\\\\index.js\"}"}}
[debug] [2021-06-05T14:47:30.402Z] [runtime-status] [17884] Resolved module firebase-functions {"declared":true,"installed":true,"version":"3.13.2","resolution":"E:\\amazon-clone\\functions\\node_modules\\firebase-functions\\lib\\index.js"} {"metadata":{"emulator":{"name":"functions"},"message":"[runtime-status] [17884] Resolved module firebase-functions {\"declared\":true,\"installed\":true,\"version\":\"3.13.2\",\"resolution\":\"E:\\\\amazon-clone\\\\functions\\\\node_modules\\\\firebase-functions\\\\lib\\\\index.js\"}"}}
[debug] [2021-06-05T14:47:30.404Z] [runtime-status] [17884] Outgoing network have been stubbed. [{"name":"http","status":"mocked"},{"name":"http","status":"mocked"},{"name":"https","status":"mocked"},{"name":"https","status":"mocked"},{"name":"net","status":"mocked"}] {"metadata":{"emulator":{"name":"functions"},"message":"[runtime-status] [17884] Outgoing network have been stubbed. [{\"name\":\"http\",\"status\":\"mocked\"},{\"name\":\"http\",\"status\":\"mocked\"},{\"name\":\"https\",\"status\":\"mocked\"},{\"name\":\"https\",\"status\":\"mocked\"},{\"name\":\"net\",\"status\":\"mocked\"}]"}}
[debug] [2021-06-05T14:47:30.405Z] [runtime-status] [17884] Resolved module firebase-functions {"declared":true,"installed":true,"version":"3.13.2","resolution":"E:\\amazon-clone\\functions\\node_modules\\firebase-functions\\lib\\index.js"} {"metadata":{"emulator":{"name":"functions"},"message":"[runtime-status] [17884] Resolved module firebase-functions {\"declared\":true,\"installed\":true,\"version\":\"3.13.2\",\"resolution\":\"E:\\\\amazon-clone\\\\functions\\\\node_modules\\\\firebase-functions\\\\lib\\\\index.js\"}"}}
[debug] [2021-06-05T14:47:30.998Z] [runtime-status] [17884] Checked functions.config() {"config":{}} {"metadata":{"emulator":{"name":"functions"},"message":"[runtime-status] [17884] Checked functions.config() {\"config\":{}}"}}
[debug] [2021-06-05T14:47:30.999Z] [runtime-status] [17884] firebase-functions has been stubbed. {"functionsResolution":{"declared":true,"installed":true,"version":"3.13.2","resolution":"E:\\amazon-clone\\functions\\node_modules\\firebase-functions\\lib\\index.js"}} {"metadata":{"emulator":{"name":"functions"},"message":"[runtime-status] [17884] firebase-functions has been stubbed. {\"functionsResolution\":{\"declared\":true,\"installed\":true,\"version\":\"3.13.2\",\"resolution\":\"E:\\\\amazon-clone\\\\functions\\\\node_modules\\\\firebase-functions\\\\lib\\\\index.js\"}}"}}
[debug] [2021-06-05T14:47:31.000Z] [runtime-status] [17884] Resolved module firebase-functions {"declared":true,"installed":true,"version":"3.13.2","resolution":"E:\\amazon-clone\\functions\\node_modules\\firebase-functions\\lib\\index.js"} {"metadata":{"emulator":{"name":"functions"},"message":"[runtime-status] [17884] Resolved module firebase-functions {\"declared\":true,\"installed\":true,\"version\":\"3.13.2\",\"resolution\":\"E:\\\\amazon-clone\\\\functions\\\\node_modules\\\\firebase-functions\\\\lib\\\\index.js\"}"}}
[debug] [2021-06-05T14:47:31.002Z] [runtime-status] [17884] Resolved module firebase-admin {"declared":true,"installed":true,"version":"9.6.0","resolution":"E:\\amazon-clone\\functions\\node_modules\\firebase-admin\\lib\\index.js"} {"metadata":{"emulator":{"name":"functions"},"message":"[runtime-status] [17884] Resolved module firebase-admin {\"declared\":true,\"installed\":true,\"version\":\"9.6.0\",\"resolution\":\"E:\\\\amazon-clone\\\\functions\\\\node_modules\\\\firebase-admin\\\\lib\\\\index.js\"}"}}
[debug] [2021-06-05T14:47:31.003Z] [runtime-status] [17884] Resolved module firebase-functions {"declared":true,"installed":true,"version":"3.13.2","resolution":"E:\\amazon-clone\\functions\\node_modules\\firebase-functions\\lib\\index.js"} {"metadata":{"emulator":{"name":"functions"},"message":"[runtime-status] [17884] Resolved module firebase-functions {\"declared\":true,\"installed\":true,\"version\":\"3.13.2\",\"resolution\":\"E:\\\\amazon-clone\\\\functions\\\\node_modules\\\\firebase-functions\\\\lib\\\\index.js\"}"}}
[debug] [2021-06-05T14:47:31.003Z] [runtime-status] [17884] firebase-admin has been stubbed. {"adminResolution":{"declared":true,"installed":true,"version":"9.6.0","resolution":"E:\\amazon-clone\\functions\\node_modules\\firebase-admin\\lib\\index.js"}} {"metadata":{"emulator":{"name":"functions"},"message":"[runtime-status] [17884] firebase-admin has been stubbed. {\"adminResolution\":{\"declared\":true,\"installed\":true,\"version\":\"9.6.0\",\"resolution\":\"E:\\\\amazon-clone\\\\functions\\\\node_modules\\\\firebase-admin\\\\lib\\\\index.js\"}}"}}
